running develop
running egg_info
creating pruebas_py.egg-info
writing pruebas_py.egg-info/PKG-INFO
writing dependency_links to pruebas_py.egg-info/dependency_links.txt
writing entry points to pruebas_py.egg-info/entry_points.txt
writing requirements to pruebas_py.egg-info/requires.txt
writing top-level names to pruebas_py.egg-info/top_level.txt
writing manifest file 'pruebas_py.egg-info/SOURCES.txt'
reading manifest file 'pruebas_py.egg-info/SOURCES.txt'
writing manifest file 'pruebas_py.egg-info/SOURCES.txt'
running build_ext
Creating /home/santiago/RoboticaMovil/ros_ws_2302/src/install/pruebas_py/lib/python3.10/site-packages/pruebas-py.egg-link (link to .)
Installing plotter_distancias script to /home/santiago/RoboticaMovil/ros_ws_2302/src/install/pruebas_py/lib/pruebas_py

Installed /home/santiago/RoboticaMovil/ros_ws_2302/src/build/pruebas_py
running install_data
creating /home/santiago/RoboticaMovil/ros_ws_2302/src/install/pruebas_py/share/ament_index
creating /home/santiago/RoboticaMovil/ros_ws_2302/src/install/pruebas_py/share/ament_index/resource_index
creating /home/santiago/RoboticaMovil/ros_ws_2302/src/install/pruebas_py/share/ament_index/resource_index/packages
copying resource/pruebas_py -> /home/santiago/RoboticaMovil/ros_ws_2302/src/install/pruebas_py/share/ament_index/resource_index/packages
copying package.xml -> /home/santiago/RoboticaMovil/ros_ws_2302/src/install/pruebas_py/share/pruebas_py
