[0.031s] Invoking command in '/home/santiago/RoboticaMovil/ros_ws_2302/src/build/f1_12th_simulator_g02': CMAKE_PREFIX_PATH=${CMAKE_PREFIX_PATH}:/home/santiago/agv_ws/install/test_pkg_python:/home/santiago/depth_camera_reader/install/camera_reader:/home/santiago/ros2_ws/install/py_pubsub:/home/santiago/ros2_ws/install/launch_testing_examples:/home/santiago/ros2_ws/install/examples_rclpy_pointcloud_publisher:/home/santiago/ros2_ws/install/examples_rclpy_minimal_subscriber:/home/santiago/ros2_ws/install/examples_rclpy_minimal_service:/home/santiago/ros2_ws/install/examples_rclpy_minimal_publisher:/home/santiago/ros2_ws/install/examples_rclpy_minimal_client:/home/santiago/ros2_ws/install/examples_rclpy_minimal_action_server:/home/santiago/ros2_ws/install/examples_rclpy_minimal_action_client:/home/santiago/ros2_ws/install/examples_rclpy_guard_conditions:/home/santiago/ros2_ws/install/examples_rclpy_executors:/home/santiago/ros2_ws/install/agv_nav:/opt/ros/humble /usr/bin/cmake /home/santiago/RoboticaMovil/ros_ws_2302/src/f1_12th_simulator_g02 -DAMENT_CMAKE_SYMLINK_INSTALL=1 -DCMAKE_INSTALL_PREFIX=/home/santiago/RoboticaMovil/ros_ws_2302/src/install/f1_12th_simulator_g02
[0.113s] -- The C compiler identification is GNU 11.4.0
[0.177s] -- The CXX compiler identification is GNU 11.4.0
[0.184s] -- Detecting C compiler ABI info
[0.247s] -- Detecting C compiler ABI info - done
[0.255s] -- Check for working C compiler: /usr/bin/cc - skipped
[0.255s] -- Detecting C compile features
[0.256s] -- Detecting C compile features - done
[0.259s] -- Detecting CXX compiler ABI info
[0.335s] -- Detecting CXX compiler ABI info - done
[0.343s] -- Check for working CXX compiler: /usr/bin/c++ - skipped
[0.343s] -- Detecting CXX compile features
[0.344s] -- Detecting CXX compile features - done
[0.349s] -- Found ament_cmake: 1.3.5 (/opt/ros/humble/share/ament_cmake/cmake)
[0.589s] -- Found Python3: /usr/bin/python3.10 (found version "3.10.12") found components: Interpreter 
[0.660s] -- Override CMake install command with custom implementation using symlinks instead of copying resources
[0.716s] -- Found ament_lint_auto: 0.12.7 (/opt/ros/humble/share/ament_lint_auto/cmake)
[0.826s] -- Added test 'copyright' to check source files copyright and LICENSE
[0.830s] -- Added test 'flake8' to check Python code syntax and style conventions
[0.831s] -- Added test 'lint_cmake' to check CMake code style
[0.832s] -- Added test 'pep257' to check Python code against some of the docstring style conventions in PEP 257
[0.834s] -- Added test 'xmllint' to check XML markup files
[0.836s] -- Configuring done
[0.839s] -- Generating done
[0.840s] -- Build files have been written to: /home/santiago/RoboticaMovil/ros_ws_2302/src/build/f1_12th_simulator_g02
[0.844s] Invoked command in '/home/santiago/RoboticaMovil/ros_ws_2302/src/build/f1_12th_simulator_g02' returned '0': CMAKE_PREFIX_PATH=${CMAKE_PREFIX_PATH}:/home/santiago/agv_ws/install/test_pkg_python:/home/santiago/depth_camera_reader/install/camera_reader:/home/santiago/ros2_ws/install/py_pubsub:/home/santiago/ros2_ws/install/launch_testing_examples:/home/santiago/ros2_ws/install/examples_rclpy_pointcloud_publisher:/home/santiago/ros2_ws/install/examples_rclpy_minimal_subscriber:/home/santiago/ros2_ws/install/examples_rclpy_minimal_service:/home/santiago/ros2_ws/install/examples_rclpy_minimal_publisher:/home/santiago/ros2_ws/install/examples_rclpy_minimal_client:/home/santiago/ros2_ws/install/examples_rclpy_minimal_action_server:/home/santiago/ros2_ws/install/examples_rclpy_minimal_action_client:/home/santiago/ros2_ws/install/examples_rclpy_guard_conditions:/home/santiago/ros2_ws/install/examples_rclpy_executors:/home/santiago/ros2_ws/install/agv_nav:/opt/ros/humble /usr/bin/cmake /home/santiago/RoboticaMovil/ros_ws_2302/src/f1_12th_simulator_g02 -DAMENT_CMAKE_SYMLINK_INSTALL=1 -DCMAKE_INSTALL_PREFIX=/home/santiago/RoboticaMovil/ros_ws_2302/src/install/f1_12th_simulator_g02
[0.845s] Invoking command in '/home/santiago/RoboticaMovil/ros_ws_2302/src/build/f1_12th_simulator_g02': CMAKE_PREFIX_PATH=${CMAKE_PREFIX_PATH}:/home/santiago/agv_ws/install/test_pkg_python:/home/santiago/depth_camera_reader/install/camera_reader:/home/santiago/ros2_ws/install/py_pubsub:/home/santiago/ros2_ws/install/launch_testing_examples:/home/santiago/ros2_ws/install/examples_rclpy_pointcloud_publisher:/home/santiago/ros2_ws/install/examples_rclpy_minimal_subscriber:/home/santiago/ros2_ws/install/examples_rclpy_minimal_service:/home/santiago/ros2_ws/install/examples_rclpy_minimal_publisher:/home/santiago/ros2_ws/install/examples_rclpy_minimal_client:/home/santiago/ros2_ws/install/examples_rclpy_minimal_action_server:/home/santiago/ros2_ws/install/examples_rclpy_minimal_action_client:/home/santiago/ros2_ws/install/examples_rclpy_guard_conditions:/home/santiago/ros2_ws/install/examples_rclpy_executors:/home/santiago/ros2_ws/install/agv_nav:/opt/ros/humble /usr/bin/cmake --build /home/santiago/RoboticaMovil/ros_ws_2302/src/build/f1_12th_simulator_g02 -- -j12 -l12
[0.881s] Invoked command in '/home/santiago/RoboticaMovil/ros_ws_2302/src/build/f1_12th_simulator_g02' returned '0': CMAKE_PREFIX_PATH=${CMAKE_PREFIX_PATH}:/home/santiago/agv_ws/install/test_pkg_python:/home/santiago/depth_camera_reader/install/camera_reader:/home/santiago/ros2_ws/install/py_pubsub:/home/santiago/ros2_ws/install/launch_testing_examples:/home/santiago/ros2_ws/install/examples_rclpy_pointcloud_publisher:/home/santiago/ros2_ws/install/examples_rclpy_minimal_subscriber:/home/santiago/ros2_ws/install/examples_rclpy_minimal_service:/home/santiago/ros2_ws/install/examples_rclpy_minimal_publisher:/home/santiago/ros2_ws/install/examples_rclpy_minimal_client:/home/santiago/ros2_ws/install/examples_rclpy_minimal_action_server:/home/santiago/ros2_ws/install/examples_rclpy_minimal_action_client:/home/santiago/ros2_ws/install/examples_rclpy_guard_conditions:/home/santiago/ros2_ws/install/examples_rclpy_executors:/home/santiago/ros2_ws/install/agv_nav:/opt/ros/humble /usr/bin/cmake --build /home/santiago/RoboticaMovil/ros_ws_2302/src/build/f1_12th_simulator_g02 -- -j12 -l12
[0.914s] Invoking command in '/home/santiago/RoboticaMovil/ros_ws_2302/src/build/f1_12th_simulator_g02': CMAKE_PREFIX_PATH=${CMAKE_PREFIX_PATH}:/home/santiago/agv_ws/install/test_pkg_python:/home/santiago/depth_camera_reader/install/camera_reader:/home/santiago/ros2_ws/install/py_pubsub:/home/santiago/ros2_ws/install/launch_testing_examples:/home/santiago/ros2_ws/install/examples_rclpy_pointcloud_publisher:/home/santiago/ros2_ws/install/examples_rclpy_minimal_subscriber:/home/santiago/ros2_ws/install/examples_rclpy_minimal_service:/home/santiago/ros2_ws/install/examples_rclpy_minimal_publisher:/home/santiago/ros2_ws/install/examples_rclpy_minimal_client:/home/santiago/ros2_ws/install/examples_rclpy_minimal_action_server:/home/santiago/ros2_ws/install/examples_rclpy_minimal_action_client:/home/santiago/ros2_ws/install/examples_rclpy_guard_conditions:/home/santiago/ros2_ws/install/examples_rclpy_executors:/home/santiago/ros2_ws/install/agv_nav:/opt/ros/humble /usr/bin/cmake --install /home/santiago/RoboticaMovil/ros_ws_2302/src/build/f1_12th_simulator_g02
[0.924s] -- Install configuration: ""
[0.924s] -- Execute custom install script
[0.926s] -- Symlinking: /home/santiago/RoboticaMovil/ros_ws_2302/src/install/f1_12th_simulator_g02/share/f1_12th_simulator_g02/config/empty.yaml
[0.936s] -- Symlinking: /home/santiago/RoboticaMovil/ros_ws_2302/src/install/f1_12th_simulator_g02/share/f1_12th_simulator_g02/config/gazebo_params.yaml
[0.947s] -- Symlinking: /home/santiago/RoboticaMovil/ros_ws_2302/src/install/f1_12th_simulator_g02/share/f1_12th_simulator_g02/config/joystick.yaml
[0.958s] -- Symlinking: /home/santiago/RoboticaMovil/ros_ws_2302/src/install/f1_12th_simulator_g02/share/f1_12th_simulator_g02/config/mapper_params_online_async.yaml
[0.968s] -- Symlinking: /home/santiago/RoboticaMovil/ros_ws_2302/src/install/f1_12th_simulator_g02/share/f1_12th_simulator_g02/config/my_controllers.yaml
[0.981s] -- Symlinking: /home/santiago/RoboticaMovil/ros_ws_2302/src/install/f1_12th_simulator_g02/share/f1_12th_simulator_g02/config/twist_mux.yaml
[0.994s] -- Symlinking: /home/santiago/RoboticaMovil/ros_ws_2302/src/install/f1_12th_simulator_g02/share/f1_12th_simulator_g02/description/gazebo_control_akerman.xacro
[1.004s] -- Symlinking: /home/santiago/RoboticaMovil/ros_ws_2302/src/install/f1_12th_simulator_g02/share/f1_12th_simulator_g02/description/inertial_macros.xacro
[1.013s] -- Symlinking: /home/santiago/RoboticaMovil/ros_ws_2302/src/install/f1_12th_simulator_g02/share/f1_12th_simulator_g02/description/lidar.xacro
[1.021s] -- Symlinking: /home/santiago/RoboticaMovil/ros_ws_2302/src/install/f1_12th_simulator_g02/share/f1_12th_simulator_g02/description/properties.xacro
[1.030s] -- Symlinking: /home/santiago/RoboticaMovil/ros_ws_2302/src/install/f1_12th_simulator_g02/share/f1_12th_simulator_g02/description/robot.urdf.xacro
[1.039s] -- Symlinking: /home/santiago/RoboticaMovil/ros_ws_2302/src/install/f1_12th_simulator_g02/share/f1_12th_simulator_g02/description/robot_core.xacro
[1.048s] -- Symlinking: /home/santiago/RoboticaMovil/ros_ws_2302/src/install/f1_12th_simulator_g02/share/f1_12th_simulator_g02/description/robot_core_akerman.xacro
[1.056s] -- Symlinking: /home/santiago/RoboticaMovil/ros_ws_2302/src/install/f1_12th_simulator_g02/share/f1_12th_simulator_g02/description/ros2_control.xacro
[1.064s] -- Symlinking: /home/santiago/RoboticaMovil/ros_ws_2302/src/install/f1_12th_simulator_g02/share/f1_12th_simulator_g02/description/rviz_model.rviz
[1.072s] -- Symlinking: /home/santiago/RoboticaMovil/ros_ws_2302/src/install/f1_12th_simulator_g02/share/f1_12th_simulator_g02/description/rviz_view_config.rviz
[1.080s] -- Symlinking: /home/santiago/RoboticaMovil/ros_ws_2302/src/install/f1_12th_simulator_g02/share/f1_12th_simulator_g02/launch/joystick.launch.py
[1.088s] -- Symlinking: /home/santiago/RoboticaMovil/ros_ws_2302/src/install/f1_12th_simulator_g02/share/f1_12th_simulator_g02/launch/launch_sim.launch.py
[1.095s] -- Symlinking: /home/santiago/RoboticaMovil/ros_ws_2302/src/install/f1_12th_simulator_g02/share/f1_12th_simulator_g02/launch/rsp.launch.py
[1.104s] -- Symlinking: /home/santiago/RoboticaMovil/ros_ws_2302/src/install/f1_12th_simulator_g02/share/f1_12th_simulator_g02/worlds/BigRoom.world
[1.112s] -- Symlinking: /home/santiago/RoboticaMovil/ros_ws_2302/src/install/f1_12th_simulator_g02/share/f1_12th_simulator_g02/worlds/BigRoom/model.config
[1.121s] -- Symlinking: /home/santiago/RoboticaMovil/ros_ws_2302/src/install/f1_12th_simulator_g02/share/f1_12th_simulator_g02/worlds/BigRoom/model.sdf
[1.128s] -- Symlinking: /home/santiago/RoboticaMovil/ros_ws_2302/src/install/f1_12th_simulator_g02/share/f1_12th_simulator_g02/worlds/empty.world
[1.136s] -- Symlinking: /home/santiago/RoboticaMovil/ros_ws_2302/src/install/f1_12th_simulator_g02/share/f1_12th_simulator_g02/worlds/test_world/model.config
[1.144s] -- Symlinking: /home/santiago/RoboticaMovil/ros_ws_2302/src/install/f1_12th_simulator_g02/share/f1_12th_simulator_g02/worlds/test_world/model.sdf
[1.152s] -- Symlinking: /home/santiago/RoboticaMovil/ros_ws_2302/src/install/f1_12th_simulator_g02/share/ament_index/resource_index/package_run_dependencies/f1_12th_simulator_g02
[1.160s] -- Symlinking: /home/santiago/RoboticaMovil/ros_ws_2302/src/install/f1_12th_simulator_g02/share/ament_index/resource_index/parent_prefix_path/f1_12th_simulator_g02
[1.168s] -- Symlinking: /home/santiago/RoboticaMovil/ros_ws_2302/src/install/f1_12th_simulator_g02/share/f1_12th_simulator_g02/environment/ament_prefix_path.sh
[1.176s] -- Symlinking: /home/santiago/RoboticaMovil/ros_ws_2302/src/install/f1_12th_simulator_g02/share/f1_12th_simulator_g02/environment/ament_prefix_path.dsv
[1.184s] -- Symlinking: /home/santiago/RoboticaMovil/ros_ws_2302/src/install/f1_12th_simulator_g02/share/f1_12th_simulator_g02/environment/path.sh
[1.192s] -- Symlinking: /home/santiago/RoboticaMovil/ros_ws_2302/src/install/f1_12th_simulator_g02/share/f1_12th_simulator_g02/environment/path.dsv
[1.200s] -- Symlinking: /home/santiago/RoboticaMovil/ros_ws_2302/src/install/f1_12th_simulator_g02/share/f1_12th_simulator_g02/local_setup.bash
[1.207s] -- Symlinking: /home/santiago/RoboticaMovil/ros_ws_2302/src/install/f1_12th_simulator_g02/share/f1_12th_simulator_g02/local_setup.sh
[1.216s] -- Symlinking: /home/santiago/RoboticaMovil/ros_ws_2302/src/install/f1_12th_simulator_g02/share/f1_12th_simulator_g02/local_setup.zsh
[1.224s] -- Symlinking: /home/santiago/RoboticaMovil/ros_ws_2302/src/install/f1_12th_simulator_g02/share/f1_12th_simulator_g02/local_setup.dsv
[1.232s] -- Symlinking: /home/santiago/RoboticaMovil/ros_ws_2302/src/install/f1_12th_simulator_g02/share/f1_12th_simulator_g02/package.dsv
[1.241s] -- Symlinking: /home/santiago/RoboticaMovil/ros_ws_2302/src/install/f1_12th_simulator_g02/share/ament_index/resource_index/packages/f1_12th_simulator_g02
[1.249s] -- Symlinking: /home/santiago/RoboticaMovil/ros_ws_2302/src/install/f1_12th_simulator_g02/share/f1_12th_simulator_g02/cmake/f1_12th_simulator_g02Config.cmake
[1.257s] -- Symlinking: /home/santiago/RoboticaMovil/ros_ws_2302/src/install/f1_12th_simulator_g02/share/f1_12th_simulator_g02/cmake/f1_12th_simulator_g02Config-version.cmake
[1.265s] -- Symlinking: /home/santiago/RoboticaMovil/ros_ws_2302/src/install/f1_12th_simulator_g02/share/f1_12th_simulator_g02/package.xml
[1.274s] Invoked command in '/home/santiago/RoboticaMovil/ros_ws_2302/src/build/f1_12th_simulator_g02' returned '0': CMAKE_PREFIX_PATH=${CMAKE_PREFIX_PATH}:/home/santiago/agv_ws/install/test_pkg_python:/home/santiago/depth_camera_reader/install/camera_reader:/home/santiago/ros2_ws/install/py_pubsub:/home/santiago/ros2_ws/install/launch_testing_examples:/home/santiago/ros2_ws/install/examples_rclpy_pointcloud_publisher:/home/santiago/ros2_ws/install/examples_rclpy_minimal_subscriber:/home/santiago/ros2_ws/install/examples_rclpy_minimal_service:/home/santiago/ros2_ws/install/examples_rclpy_minimal_publisher:/home/santiago/ros2_ws/install/examples_rclpy_minimal_client:/home/santiago/ros2_ws/install/examples_rclpy_minimal_action_server:/home/santiago/ros2_ws/install/examples_rclpy_minimal_action_client:/home/santiago/ros2_ws/install/examples_rclpy_guard_conditions:/home/santiago/ros2_ws/install/examples_rclpy_executors:/home/santiago/ros2_ws/install/agv_nav:/opt/ros/humble /usr/bin/cmake --install /home/santiago/RoboticaMovil/ros_ws_2302/src/build/f1_12th_simulator_g02
