[0.417s] DEBUG:colcon:Command line arguments: ['/usr/bin/colcon', 'build', '--symlink-install']
[0.417s] DEBUG:colcon:Parsed command line arguments: Namespace(log_base=None, log_level=None, verb_name='build', build_base='build', install_base='install', merge_install=False, symlink_install=True, test_result_base=None, continue_on_error=False, executor='parallel', parallel_workers=12, event_handlers=None, ignore_user_meta=False, metas=['./colcon.meta'], base_paths=['.'], packages_ignore=None, packages_ignore_regex=None, paths=None, packages_up_to=None, packages_up_to_regex=None, packages_above=None, packages_above_and_dependencies=None, packages_above_depth=None, packages_select_by_dep=None, packages_skip_by_dep=None, packages_skip_up_to=None, packages_select_build_failed=False, packages_skip_build_finished=False, packages_select_test_failures=False, packages_skip_test_passed=False, packages_select=None, packages_skip=None, packages_select_regex=None, packages_skip_regex=None, packages_start=None, packages_end=None, allow_overriding=[], cmake_args=None, cmake_target=None, cmake_target_skip_unavailable=False, cmake_clean_cache=False, cmake_clean_first=False, cmake_force_configure=False, ament_cmake_args=None, catkin_cmake_args=None, catkin_skip_building_tests=False, verb_parser=<colcon_defaults.argument_parser.defaults.DefaultArgumentsDecorator object at 0x7f3c7842e140>, verb_extension=<colcon_core.verb.build.BuildVerb object at 0x7f3c7842dbd0>, main=<bound method BuildVerb.main of <colcon_core.verb.build.BuildVerb object at 0x7f3c7842dbd0>>)
[0.443s] Level 1:colcon.colcon_core.package_discovery:discover_packages(colcon_meta) check parameters
[0.443s] Level 1:colcon.colcon_core.package_discovery:discover_packages(recursive) check parameters
[0.443s] Level 1:colcon.colcon_core.package_discovery:discover_packages(ignore) check parameters
[0.444s] Level 1:colcon.colcon_core.package_discovery:discover_packages(path) check parameters
[0.444s] Level 1:colcon.colcon_core.package_discovery:discover_packages(colcon_meta) discover
[0.444s] Level 1:colcon.colcon_core.package_discovery:discover_packages(recursive) discover
[0.444s] INFO:colcon.colcon_core.package_discovery:Crawling recursively for packages in '/home/santiago/RoboticaMovil/ros_ws_2302/src'
[0.444s] Level 1:colcon.colcon_core.package_identification:_identify(.) by extensions ['ignore', 'ignore_ament_install']
[0.444s] Level 1:colcon.colcon_core.package_identification:_identify(.) by extension 'ignore'
[0.444s] Level 1:colcon.colcon_core.package_identification:_identify(.) by extension 'ignore_ament_install'
[0.444s] Level 1:colcon.colcon_core.package_identification:_identify(.) by extensions ['colcon_pkg']
[0.444s] Level 1:colcon.colcon_core.package_identification:_identify(.) by extension 'colcon_pkg'
[0.444s] Level 1:colcon.colcon_core.package_identification:_identify(.) by extensions ['colcon_meta']
[0.444s] Level 1:colcon.colcon_core.package_identification:_identify(.) by extension 'colcon_meta'
[0.444s] Level 1:colcon.colcon_core.package_identification:_identify(.) by extensions ['ros']
[0.444s] Level 1:colcon.colcon_core.package_identification:_identify(.) by extension 'ros'
[0.456s] Level 1:colcon.colcon_core.package_identification:_identify(.) by extensions ['cmake', 'python']
[0.457s] Level 1:colcon.colcon_core.package_identification:_identify(.) by extension 'cmake'
[0.457s] Level 1:colcon.colcon_core.package_identification:_identify(.) by extension 'python'
[0.457s] Level 1:colcon.colcon_core.package_identification:_identify(.) by extensions ['python_setup_py']
[0.457s] Level 1:colcon.colcon_core.package_identification:_identify(.) by extension 'python_setup_py'
[0.457s] Level 1:colcon.colcon_core.package_identification:_identify(build) by extensions ['ignore', 'ignore_ament_install']
[0.457s] Level 1:colcon.colcon_core.package_identification:_identify(build) by extension 'ignore'
[0.457s] Level 1:colcon.colcon_core.package_identification:_identify(build) ignored
[0.457s] Level 1:colcon.colcon_core.package_identification:_identify(f1_12th_simulator_g02) by extensions ['ignore', 'ignore_ament_install']
[0.457s] Level 1:colcon.colcon_core.package_identification:_identify(f1_12th_simulator_g02) by extension 'ignore'
[0.457s] Level 1:colcon.colcon_core.package_identification:_identify(f1_12th_simulator_g02) by extension 'ignore_ament_install'
[0.457s] Level 1:colcon.colcon_core.package_identification:_identify(f1_12th_simulator_g02) by extensions ['colcon_pkg']
[0.457s] Level 1:colcon.colcon_core.package_identification:_identify(f1_12th_simulator_g02) by extension 'colcon_pkg'
[0.457s] Level 1:colcon.colcon_core.package_identification:_identify(f1_12th_simulator_g02) by extensions ['colcon_meta']
[0.457s] Level 1:colcon.colcon_core.package_identification:_identify(f1_12th_simulator_g02) by extension 'colcon_meta'
[0.457s] Level 1:colcon.colcon_core.package_identification:_identify(f1_12th_simulator_g02) by extensions ['ros']
[0.457s] Level 1:colcon.colcon_core.package_identification:_identify(f1_12th_simulator_g02) by extension 'ros'
[0.460s] DEBUG:colcon.colcon_core.package_identification:Package 'f1_12th_simulator_g02' with type 'ros.ament_cmake' and name 'f1_12th_simulator_g02'
[0.460s] Level 1:colcon.colcon_core.package_identification:_identify(install) by extensions ['ignore', 'ignore_ament_install']
[0.461s] Level 1:colcon.colcon_core.package_identification:_identify(install) by extension 'ignore'
[0.461s] Level 1:colcon.colcon_core.package_identification:_identify(install) ignored
[0.461s] Level 1:colcon.colcon_core.package_identification:_identify(log) by extensions ['ignore', 'ignore_ament_install']
[0.461s] Level 1:colcon.colcon_core.package_identification:_identify(log) by extension 'ignore'
[0.461s] Level 1:colcon.colcon_core.package_identification:_identify(log) ignored
[0.461s] Level 1:colcon.colcon_core.package_identification:_identify(pruebas_py) by extensions ['ignore', 'ignore_ament_install']
[0.461s] Level 1:colcon.colcon_core.package_identification:_identify(pruebas_py) by extension 'ignore'
[0.461s] Level 1:colcon.colcon_core.package_identification:_identify(pruebas_py) by extension 'ignore_ament_install'
[0.461s] Level 1:colcon.colcon_core.package_identification:_identify(pruebas_py) by extensions ['colcon_pkg']
[0.461s] Level 1:colcon.colcon_core.package_identification:_identify(pruebas_py) by extension 'colcon_pkg'
[0.461s] Level 1:colcon.colcon_core.package_identification:_identify(pruebas_py) by extensions ['colcon_meta']
[0.461s] Level 1:colcon.colcon_core.package_identification:_identify(pruebas_py) by extension 'colcon_meta'
[0.461s] Level 1:colcon.colcon_core.package_identification:_identify(pruebas_py) by extensions ['ros']
[0.461s] Level 1:colcon.colcon_core.package_identification:_identify(pruebas_py) by extension 'ros'
[0.462s] DEBUG:colcon.colcon_core.package_identification:Package 'pruebas_py' with type 'ros.ament_python' and name 'pruebas_py'
[0.462s] Level 1:colcon.colcon_core.package_discovery:discover_packages(recursive) using defaults
[0.462s] Level 1:colcon.colcon_core.package_discovery:discover_packages(ignore) discover
[0.462s] Level 1:colcon.colcon_core.package_discovery:discover_packages(ignore) using defaults
[0.462s] Level 1:colcon.colcon_core.package_discovery:discover_packages(path) discover
[0.462s] Level 1:colcon.colcon_core.package_discovery:discover_packages(path) using defaults
[0.489s] Level 1:colcon.colcon_core.package_discovery:discover_packages(prefix_path) check parameters
[0.489s] Level 1:colcon.colcon_core.package_discovery:discover_packages(prefix_path) discover
[0.493s] DEBUG:colcon.colcon_installed_package_information.package_discovery:Found 2 installed packages in /home/santiago/agv_ws/install
[0.494s] DEBUG:colcon.colcon_installed_package_information.package_discovery:Found 1 installed packages in /home/santiago/depth_camera_reader/install
[0.495s] DEBUG:colcon.colcon_installed_package_information.package_discovery:Found 1 installed packages in /home/santiago/ros2_ws_2301/install
[0.497s] DEBUG:colcon.colcon_installed_package_information.package_discovery:Found 24 installed packages in /home/santiago/ros2_ws/install
[0.499s] DEBUG:colcon.colcon_installed_package_information.package_discovery:Found 383 installed packages in /opt/ros/humble
[0.502s] Level 1:colcon.colcon_core.package_discovery:discover_packages(prefix_path) using defaults
[0.575s] Level 5:colcon.colcon_core.verb:set package 'f1_12th_simulator_g02' build argument 'cmake_args' from command line to 'None'
[0.575s] Level 5:colcon.colcon_core.verb:set package 'f1_12th_simulator_g02' build argument 'cmake_target' from command line to 'None'
[0.575s] Level 5:colcon.colcon_core.verb:set package 'f1_12th_simulator_g02' build argument 'cmake_target_skip_unavailable' from command line to 'False'
[0.575s] Level 5:colcon.colcon_core.verb:set package 'f1_12th_simulator_g02' build argument 'cmake_clean_cache' from command line to 'False'
[0.575s] Level 5:colcon.colcon_core.verb:set package 'f1_12th_simulator_g02' build argument 'cmake_clean_first' from command line to 'False'
[0.575s] Level 5:colcon.colcon_core.verb:set package 'f1_12th_simulator_g02' build argument 'cmake_force_configure' from command line to 'False'
[0.575s] Level 5:colcon.colcon_core.verb:set package 'f1_12th_simulator_g02' build argument 'ament_cmake_args' from command line to 'None'
[0.575s] Level 5:colcon.colcon_core.verb:set package 'f1_12th_simulator_g02' build argument 'catkin_cmake_args' from command line to 'None'
[0.575s] Level 5:colcon.colcon_core.verb:set package 'f1_12th_simulator_g02' build argument 'catkin_skip_building_tests' from command line to 'False'
[0.575s] DEBUG:colcon.colcon_core.verb:Building package 'f1_12th_simulator_g02' with the following arguments: {'ament_cmake_args': None, 'build_base': '/home/santiago/RoboticaMovil/ros_ws_2302/src/build/f1_12th_simulator_g02', 'catkin_cmake_args': None, 'catkin_skip_building_tests': False, 'cmake_args': None, 'cmake_clean_cache': False, 'cmake_clean_first': False, 'cmake_force_configure': False, 'cmake_target': None, 'cmake_target_skip_unavailable': False, 'install_base': '/home/santiago/RoboticaMovil/ros_ws_2302/src/install/f1_12th_simulator_g02', 'merge_install': False, 'path': '/home/santiago/RoboticaMovil/ros_ws_2302/src/f1_12th_simulator_g02', 'symlink_install': True, 'test_result_base': None}
[0.577s] Level 5:colcon.colcon_core.verb:set package 'pruebas_py' build argument 'cmake_args' from command line to 'None'
[0.577s] Level 5:colcon.colcon_core.verb:set package 'pruebas_py' build argument 'cmake_target' from command line to 'None'
[0.577s] Level 5:colcon.colcon_core.verb:set package 'pruebas_py' build argument 'cmake_target_skip_unavailable' from command line to 'False'
[0.577s] Level 5:colcon.colcon_core.verb:set package 'pruebas_py' build argument 'cmake_clean_cache' from command line to 'False'
[0.577s] Level 5:colcon.colcon_core.verb:set package 'pruebas_py' build argument 'cmake_clean_first' from command line to 'False'
[0.577s] Level 5:colcon.colcon_core.verb:set package 'pruebas_py' build argument 'cmake_force_configure' from command line to 'False'
[0.577s] Level 5:colcon.colcon_core.verb:set package 'pruebas_py' build argument 'ament_cmake_args' from command line to 'None'
[0.577s] Level 5:colcon.colcon_core.verb:set package 'pruebas_py' build argument 'catkin_cmake_args' from command line to 'None'
[0.577s] Level 5:colcon.colcon_core.verb:set package 'pruebas_py' build argument 'catkin_skip_building_tests' from command line to 'False'
[0.577s] DEBUG:colcon.colcon_core.verb:Building package 'pruebas_py' with the following arguments: {'ament_cmake_args': None, 'build_base': '/home/santiago/RoboticaMovil/ros_ws_2302/src/build/pruebas_py', 'catkin_cmake_args': None, 'catkin_skip_building_tests': False, 'cmake_args': None, 'cmake_clean_cache': False, 'cmake_clean_first': False, 'cmake_force_configure': False, 'cmake_target': None, 'cmake_target_skip_unavailable': False, 'install_base': '/home/santiago/RoboticaMovil/ros_ws_2302/src/install/pruebas_py', 'merge_install': False, 'path': '/home/santiago/RoboticaMovil/ros_ws_2302/src/pruebas_py', 'symlink_install': True, 'test_result_base': None}
[0.578s] INFO:colcon.colcon_core.executor:Executing jobs using 'parallel' executor
[0.581s] DEBUG:colcon.colcon_parallel_executor.executor.parallel:run_until_complete
[0.582s] INFO:colcon.colcon_ros.task.ament_cmake.build:Building ROS package in '/home/santiago/RoboticaMovil/ros_ws_2302/src/f1_12th_simulator_g02' with build type 'ament_cmake'
[0.582s] INFO:colcon.colcon_cmake.task.cmake.build:Building CMake package in '/home/santiago/RoboticaMovil/ros_ws_2302/src/f1_12th_simulator_g02'
[0.586s] INFO:colcon.colcon_core.plugin_system:Skipping extension 'colcon_core.shell.bat': Not used on non-Windows systems
[0.587s] INFO:colcon.colcon_core.shell:Skip shell extension 'powershell' for command environment: Not usable outside of PowerShell
[0.587s] DEBUG:colcon.colcon_core.shell:Skip shell extension 'dsv' for command environment
[0.596s] INFO:colcon.colcon_ros.task.ament_python.build:Building ROS package in '/home/santiago/RoboticaMovil/ros_ws_2302/src/pruebas_py' with build type 'ament_python'
[0.596s] Level 1:colcon.colcon_core.shell:create_environment_hook('pruebas_py', 'ament_prefix_path')
[0.598s] INFO:colcon.colcon_core.shell:Creating environment hook '/home/santiago/RoboticaMovil/ros_ws_2302/src/install/pruebas_py/share/pruebas_py/hook/ament_prefix_path.ps1'
[0.599s] INFO:colcon.colcon_core.shell:Creating environment descriptor '/home/santiago/RoboticaMovil/ros_ws_2302/src/install/pruebas_py/share/pruebas_py/hook/ament_prefix_path.dsv'
[0.599s] INFO:colcon.colcon_core.shell:Creating environment hook '/home/santiago/RoboticaMovil/ros_ws_2302/src/install/pruebas_py/share/pruebas_py/hook/ament_prefix_path.sh'
[0.601s] INFO:colcon.colcon_core.shell:Skip shell extension 'powershell' for command environment: Not usable outside of PowerShell
[0.601s] DEBUG:colcon.colcon_core.shell:Skip shell extension 'dsv' for command environment
[0.614s] DEBUG:colcon.colcon_core.event_handler.log_command:Invoking command in '/home/santiago/RoboticaMovil/ros_ws_2302/src/build/f1_12th_simulator_g02': CMAKE_PREFIX_PATH=${CMAKE_PREFIX_PATH}:/home/santiago/agv_ws/install/test_pkg_python:/home/santiago/depth_camera_reader/install/camera_reader:/home/santiago/ros2_ws/install/py_pubsub:/home/santiago/ros2_ws/install/launch_testing_examples:/home/santiago/ros2_ws/install/examples_rclpy_pointcloud_publisher:/home/santiago/ros2_ws/install/examples_rclpy_minimal_subscriber:/home/santiago/ros2_ws/install/examples_rclpy_minimal_service:/home/santiago/ros2_ws/install/examples_rclpy_minimal_publisher:/home/santiago/ros2_ws/install/examples_rclpy_minimal_client:/home/santiago/ros2_ws/install/examples_rclpy_minimal_action_server:/home/santiago/ros2_ws/install/examples_rclpy_minimal_action_client:/home/santiago/ros2_ws/install/examples_rclpy_guard_conditions:/home/santiago/ros2_ws/install/examples_rclpy_executors:/home/santiago/ros2_ws/install/agv_nav:/opt/ros/humble /usr/bin/cmake /home/santiago/RoboticaMovil/ros_ws_2302/src/f1_12th_simulator_g02 -DAMENT_CMAKE_SYMLINK_INSTALL=1 -DCMAKE_INSTALL_PREFIX=/home/santiago/RoboticaMovil/ros_ws_2302/src/install/f1_12th_simulator_g02
[0.965s] INFO:colcon.colcon_core.task.python.build:Building Python package in '/home/santiago/RoboticaMovil/ros_ws_2302/src/pruebas_py'
[0.968s] INFO:colcon.colcon_core.shell:Skip shell extension 'powershell' for command environment: Not usable outside of PowerShell
[0.968s] DEBUG:colcon.colcon_core.shell:Skip shell extension 'dsv' for command environment
[1.426s] DEBUG:colcon.colcon_core.event_handler.log_command:Invoked command in '/home/santiago/RoboticaMovil/ros_ws_2302/src/build/f1_12th_simulator_g02' returned '0': CMAKE_PREFIX_PATH=${CMAKE_PREFIX_PATH}:/home/santiago/agv_ws/install/test_pkg_python:/home/santiago/depth_camera_reader/install/camera_reader:/home/santiago/ros2_ws/install/py_pubsub:/home/santiago/ros2_ws/install/launch_testing_examples:/home/santiago/ros2_ws/install/examples_rclpy_pointcloud_publisher:/home/santiago/ros2_ws/install/examples_rclpy_minimal_subscriber:/home/santiago/ros2_ws/install/examples_rclpy_minimal_service:/home/santiago/ros2_ws/install/examples_rclpy_minimal_publisher:/home/santiago/ros2_ws/install/examples_rclpy_minimal_client:/home/santiago/ros2_ws/install/examples_rclpy_minimal_action_server:/home/santiago/ros2_ws/install/examples_rclpy_minimal_action_client:/home/santiago/ros2_ws/install/examples_rclpy_guard_conditions:/home/santiago/ros2_ws/install/examples_rclpy_executors:/home/santiago/ros2_ws/install/agv_nav:/opt/ros/humble /usr/bin/cmake /home/santiago/RoboticaMovil/ros_ws_2302/src/f1_12th_simulator_g02 -DAMENT_CMAKE_SYMLINK_INSTALL=1 -DCMAKE_INSTALL_PREFIX=/home/santiago/RoboticaMovil/ros_ws_2302/src/install/f1_12th_simulator_g02
[1.427s] DEBUG:colcon.colcon_core.event_handler.log_command:Invoking command in '/home/santiago/RoboticaMovil/ros_ws_2302/src/build/f1_12th_simulator_g02': CMAKE_PREFIX_PATH=${CMAKE_PREFIX_PATH}:/home/santiago/agv_ws/install/test_pkg_python:/home/santiago/depth_camera_reader/install/camera_reader:/home/santiago/ros2_ws/install/py_pubsub:/home/santiago/ros2_ws/install/launch_testing_examples:/home/santiago/ros2_ws/install/examples_rclpy_pointcloud_publisher:/home/santiago/ros2_ws/install/examples_rclpy_minimal_subscriber:/home/santiago/ros2_ws/install/examples_rclpy_minimal_service:/home/santiago/ros2_ws/install/examples_rclpy_minimal_publisher:/home/santiago/ros2_ws/install/examples_rclpy_minimal_client:/home/santiago/ros2_ws/install/examples_rclpy_minimal_action_server:/home/santiago/ros2_ws/install/examples_rclpy_minimal_action_client:/home/santiago/ros2_ws/install/examples_rclpy_guard_conditions:/home/santiago/ros2_ws/install/examples_rclpy_executors:/home/santiago/ros2_ws/install/agv_nav:/opt/ros/humble /usr/bin/cmake --build /home/santiago/RoboticaMovil/ros_ws_2302/src/build/f1_12th_simulator_g02 -- -j12 -l12
[1.463s] DEBUG:colcon.colcon_core.event_handler.log_command:Invoked command in '/home/santiago/RoboticaMovil/ros_ws_2302/src/build/f1_12th_simulator_g02' returned '0': CMAKE_PREFIX_PATH=${CMAKE_PREFIX_PATH}:/home/santiago/agv_ws/install/test_pkg_python:/home/santiago/depth_camera_reader/install/camera_reader:/home/santiago/ros2_ws/install/py_pubsub:/home/santiago/ros2_ws/install/launch_testing_examples:/home/santiago/ros2_ws/install/examples_rclpy_pointcloud_publisher:/home/santiago/ros2_ws/install/examples_rclpy_minimal_subscriber:/home/santiago/ros2_ws/install/examples_rclpy_minimal_service:/home/santiago/ros2_ws/install/examples_rclpy_minimal_publisher:/home/santiago/ros2_ws/install/examples_rclpy_minimal_client:/home/santiago/ros2_ws/install/examples_rclpy_minimal_action_server:/home/santiago/ros2_ws/install/examples_rclpy_minimal_action_client:/home/santiago/ros2_ws/install/examples_rclpy_guard_conditions:/home/santiago/ros2_ws/install/examples_rclpy_executors:/home/santiago/ros2_ws/install/agv_nav:/opt/ros/humble /usr/bin/cmake --build /home/santiago/RoboticaMovil/ros_ws_2302/src/build/f1_12th_simulator_g02 -- -j12 -l12
[1.497s] DEBUG:colcon.colcon_core.event_handler.log_command:Invoking command in '/home/santiago/RoboticaMovil/ros_ws_2302/src/build/f1_12th_simulator_g02': CMAKE_PREFIX_PATH=${CMAKE_PREFIX_PATH}:/home/santiago/agv_ws/install/test_pkg_python:/home/santiago/depth_camera_reader/install/camera_reader:/home/santiago/ros2_ws/install/py_pubsub:/home/santiago/ros2_ws/install/launch_testing_examples:/home/santiago/ros2_ws/install/examples_rclpy_pointcloud_publisher:/home/santiago/ros2_ws/install/examples_rclpy_minimal_subscriber:/home/santiago/ros2_ws/install/examples_rclpy_minimal_service:/home/santiago/ros2_ws/install/examples_rclpy_minimal_publisher:/home/santiago/ros2_ws/install/examples_rclpy_minimal_client:/home/santiago/ros2_ws/install/examples_rclpy_minimal_action_server:/home/santiago/ros2_ws/install/examples_rclpy_minimal_action_client:/home/santiago/ros2_ws/install/examples_rclpy_guard_conditions:/home/santiago/ros2_ws/install/examples_rclpy_executors:/home/santiago/ros2_ws/install/agv_nav:/opt/ros/humble /usr/bin/cmake --install /home/santiago/RoboticaMovil/ros_ws_2302/src/build/f1_12th_simulator_g02
[1.511s] DEBUG:colcon.colcon_core.event_handler.log_command:Invoking command in '/home/santiago/RoboticaMovil/ros_ws_2302/src/build/pruebas_py': PYTHONPATH=/home/santiago/RoboticaMovil/ros_ws_2302/src/build/pruebas_py/prefix_override:/home/santiago/RoboticaMovil/ros_ws_2302/src/install/pruebas_py/lib/python3.10/site-packages:${PYTHONPATH} /usr/bin/python3 setup.py develop --editable --build-directory /home/santiago/RoboticaMovil/ros_ws_2302/src/build/pruebas_py/build --no-deps install_data
[1.856s] Level 1:colcon.colcon_core.environment:create_environment_scripts_only(f1_12th_simulator_g02)
[1.856s] DEBUG:colcon.colcon_core.event_handler.log_command:Invoked command in '/home/santiago/RoboticaMovil/ros_ws_2302/src/build/f1_12th_simulator_g02' returned '0': CMAKE_PREFIX_PATH=${CMAKE_PREFIX_PATH}:/home/santiago/agv_ws/install/test_pkg_python:/home/santiago/depth_camera_reader/install/camera_reader:/home/santiago/ros2_ws/install/py_pubsub:/home/santiago/ros2_ws/install/launch_testing_examples:/home/santiago/ros2_ws/install/examples_rclpy_pointcloud_publisher:/home/santiago/ros2_ws/install/examples_rclpy_minimal_subscriber:/home/santiago/ros2_ws/install/examples_rclpy_minimal_service:/home/santiago/ros2_ws/install/examples_rclpy_minimal_publisher:/home/santiago/ros2_ws/install/examples_rclpy_minimal_client:/home/santiago/ros2_ws/install/examples_rclpy_minimal_action_server:/home/santiago/ros2_ws/install/examples_rclpy_minimal_action_client:/home/santiago/ros2_ws/install/examples_rclpy_guard_conditions:/home/santiago/ros2_ws/install/examples_rclpy_executors:/home/santiago/ros2_ws/install/agv_nav:/opt/ros/humble /usr/bin/cmake --install /home/santiago/RoboticaMovil/ros_ws_2302/src/build/f1_12th_simulator_g02
[1.861s] Level 1:colcon.colcon_core.environment:checking '/home/santiago/RoboticaMovil/ros_ws_2302/src/install/f1_12th_simulator_g02' for CMake module files
[1.862s] Level 1:colcon.colcon_core.environment:checking '/home/santiago/RoboticaMovil/ros_ws_2302/src/install/f1_12th_simulator_g02' for CMake config files
[1.862s] Level 1:colcon.colcon_core.shell:create_environment_hook('f1_12th_simulator_g02', 'cmake_prefix_path')
[1.864s] INFO:colcon.colcon_core.shell:Creating environment hook '/home/santiago/RoboticaMovil/ros_ws_2302/src/install/f1_12th_simulator_g02/share/f1_12th_simulator_g02/hook/cmake_prefix_path.ps1'
[1.864s] INFO:colcon.colcon_core.shell:Creating environment descriptor '/home/santiago/RoboticaMovil/ros_ws_2302/src/install/f1_12th_simulator_g02/share/f1_12th_simulator_g02/hook/cmake_prefix_path.dsv'
[1.864s] INFO:colcon.colcon_core.shell:Creating environment hook '/home/santiago/RoboticaMovil/ros_ws_2302/src/install/f1_12th_simulator_g02/share/f1_12th_simulator_g02/hook/cmake_prefix_path.sh'
[1.865s] Level 1:colcon.colcon_core.environment:checking '/home/santiago/RoboticaMovil/ros_ws_2302/src/install/f1_12th_simulator_g02/bin'
[1.865s] Level 1:colcon.colcon_core.environment:checking '/home/santiago/RoboticaMovil/ros_ws_2302/src/install/f1_12th_simulator_g02/lib/pkgconfig/f1_12th_simulator_g02.pc'
[1.865s] Level 1:colcon.colcon_core.environment:checking '/home/santiago/RoboticaMovil/ros_ws_2302/src/install/f1_12th_simulator_g02/lib/python3.10/site-packages'
[1.865s] Level 1:colcon.colcon_core.environment:checking '/home/santiago/RoboticaMovil/ros_ws_2302/src/install/f1_12th_simulator_g02/bin'
[1.867s] INFO:colcon.colcon_core.shell:Creating package script '/home/santiago/RoboticaMovil/ros_ws_2302/src/install/f1_12th_simulator_g02/share/f1_12th_simulator_g02/package.ps1'
[1.867s] INFO:colcon.colcon_core.shell:Creating package descriptor '/home/santiago/RoboticaMovil/ros_ws_2302/src/install/f1_12th_simulator_g02/share/f1_12th_simulator_g02/package.dsv'
[1.868s] INFO:colcon.colcon_core.shell:Creating package script '/home/santiago/RoboticaMovil/ros_ws_2302/src/install/f1_12th_simulator_g02/share/f1_12th_simulator_g02/package.sh'
[1.868s] INFO:colcon.colcon_core.shell:Creating package script '/home/santiago/RoboticaMovil/ros_ws_2302/src/install/f1_12th_simulator_g02/share/f1_12th_simulator_g02/package.bash'
[1.869s] INFO:colcon.colcon_core.shell:Creating package script '/home/santiago/RoboticaMovil/ros_ws_2302/src/install/f1_12th_simulator_g02/share/f1_12th_simulator_g02/package.zsh'
[1.870s] Level 1:colcon.colcon_core.environment:create_file_with_runtime_dependencies(/home/santiago/RoboticaMovil/ros_ws_2302/src/install/f1_12th_simulator_g02/share/colcon-core/packages/f1_12th_simulator_g02)
[1.889s] Level 1:colcon.colcon_core.environment:create_environment_scripts_only(f1_12th_simulator_g02)
[1.892s] Level 1:colcon.colcon_core.environment:checking '/home/santiago/RoboticaMovil/ros_ws_2302/src/install/f1_12th_simulator_g02' for CMake module files
[1.892s] Level 1:colcon.colcon_core.environment:checking '/home/santiago/RoboticaMovil/ros_ws_2302/src/install/f1_12th_simulator_g02' for CMake config files
[1.892s] Level 1:colcon.colcon_core.shell:create_environment_hook('f1_12th_simulator_g02', 'cmake_prefix_path')
[1.894s] INFO:colcon.colcon_core.shell:Creating environment hook '/home/santiago/RoboticaMovil/ros_ws_2302/src/install/f1_12th_simulator_g02/share/f1_12th_simulator_g02/hook/cmake_prefix_path.ps1'
[1.894s] INFO:colcon.colcon_core.shell:Creating environment descriptor '/home/santiago/RoboticaMovil/ros_ws_2302/src/install/f1_12th_simulator_g02/share/f1_12th_simulator_g02/hook/cmake_prefix_path.dsv'
[1.894s] INFO:colcon.colcon_core.shell:Creating environment hook '/home/santiago/RoboticaMovil/ros_ws_2302/src/install/f1_12th_simulator_g02/share/f1_12th_simulator_g02/hook/cmake_prefix_path.sh'
[1.895s] Level 1:colcon.colcon_core.environment:checking '/home/santiago/RoboticaMovil/ros_ws_2302/src/install/f1_12th_simulator_g02/bin'
[1.895s] Level 1:colcon.colcon_core.environment:checking '/home/santiago/RoboticaMovil/ros_ws_2302/src/install/f1_12th_simulator_g02/lib/pkgconfig/f1_12th_simulator_g02.pc'
[1.895s] Level 1:colcon.colcon_core.environment:checking '/home/santiago/RoboticaMovil/ros_ws_2302/src/install/f1_12th_simulator_g02/lib/python3.10/site-packages'
[1.895s] Level 1:colcon.colcon_core.environment:checking '/home/santiago/RoboticaMovil/ros_ws_2302/src/install/f1_12th_simulator_g02/bin'
[1.897s] INFO:colcon.colcon_core.shell:Creating package script '/home/santiago/RoboticaMovil/ros_ws_2302/src/install/f1_12th_simulator_g02/share/f1_12th_simulator_g02/package.ps1'
[1.897s] INFO:colcon.colcon_core.shell:Creating package descriptor '/home/santiago/RoboticaMovil/ros_ws_2302/src/install/f1_12th_simulator_g02/share/f1_12th_simulator_g02/package.dsv'
[1.898s] INFO:colcon.colcon_core.shell:Creating package script '/home/santiago/RoboticaMovil/ros_ws_2302/src/install/f1_12th_simulator_g02/share/f1_12th_simulator_g02/package.sh'
[1.898s] INFO:colcon.colcon_core.shell:Creating package script '/home/santiago/RoboticaMovil/ros_ws_2302/src/install/f1_12th_simulator_g02/share/f1_12th_simulator_g02/package.bash'
[1.899s] INFO:colcon.colcon_core.shell:Creating package script '/home/santiago/RoboticaMovil/ros_ws_2302/src/install/f1_12th_simulator_g02/share/f1_12th_simulator_g02/package.zsh'
[1.899s] Level 1:colcon.colcon_core.environment:create_file_with_runtime_dependencies(/home/santiago/RoboticaMovil/ros_ws_2302/src/install/f1_12th_simulator_g02/share/colcon-core/packages/f1_12th_simulator_g02)
[2.177s] Level 1:colcon.colcon_core.shell:create_environment_hook('pruebas_py', 'pythonpath_develop')
[2.177s] DEBUG:colcon.colcon_core.event_handler.log_command:Invoked command in '/home/santiago/RoboticaMovil/ros_ws_2302/src/build/pruebas_py' returned '0': PYTHONPATH=/home/santiago/RoboticaMovil/ros_ws_2302/src/build/pruebas_py/prefix_override:/home/santiago/RoboticaMovil/ros_ws_2302/src/install/pruebas_py/lib/python3.10/site-packages:${PYTHONPATH} /usr/bin/python3 setup.py develop --editable --build-directory /home/santiago/RoboticaMovil/ros_ws_2302/src/build/pruebas_py/build --no-deps install_data
[2.179s] INFO:colcon.colcon_core.shell:Creating environment hook '/home/santiago/RoboticaMovil/ros_ws_2302/src/build/pruebas_py/share/pruebas_py/hook/pythonpath_develop.ps1'
[2.180s] INFO:colcon.colcon_core.shell:Creating environment descriptor '/home/santiago/RoboticaMovil/ros_ws_2302/src/build/pruebas_py/share/pruebas_py/hook/pythonpath_develop.dsv'
[2.181s] INFO:colcon.colcon_core.shell:Creating environment hook '/home/santiago/RoboticaMovil/ros_ws_2302/src/build/pruebas_py/share/pruebas_py/hook/pythonpath_develop.sh'
[2.184s] Level 1:colcon.colcon_core.environment:checking '/home/santiago/RoboticaMovil/ros_ws_2302/src/install/pruebas_py' for CMake module files
[2.184s] Level 1:colcon.colcon_core.environment:checking '/home/santiago/RoboticaMovil/ros_ws_2302/src/install/pruebas_py' for CMake config files
[2.185s] Level 1:colcon.colcon_core.environment:checking '/home/santiago/RoboticaMovil/ros_ws_2302/src/install/pruebas_py/lib'
[2.185s] Level 1:colcon.colcon_core.environment:checking '/home/santiago/RoboticaMovil/ros_ws_2302/src/install/pruebas_py/bin'
[2.185s] Level 1:colcon.colcon_core.environment:checking '/home/santiago/RoboticaMovil/ros_ws_2302/src/install/pruebas_py/lib/pkgconfig/pruebas_py.pc'
[2.186s] Level 1:colcon.colcon_core.environment:checking '/home/santiago/RoboticaMovil/ros_ws_2302/src/install/pruebas_py/lib/python3.10/site-packages'
[2.186s] Level 1:colcon.colcon_core.shell:create_environment_hook('pruebas_py', 'pythonpath')
[2.187s] INFO:colcon.colcon_core.shell:Creating environment hook '/home/santiago/RoboticaMovil/ros_ws_2302/src/install/pruebas_py/share/pruebas_py/hook/pythonpath.ps1'
[2.188s] INFO:colcon.colcon_core.shell:Creating environment descriptor '/home/santiago/RoboticaMovil/ros_ws_2302/src/install/pruebas_py/share/pruebas_py/hook/pythonpath.dsv'
[2.188s] INFO:colcon.colcon_core.shell:Creating environment hook '/home/santiago/RoboticaMovil/ros_ws_2302/src/install/pruebas_py/share/pruebas_py/hook/pythonpath.sh'
[2.189s] Level 1:colcon.colcon_core.environment:checking '/home/santiago/RoboticaMovil/ros_ws_2302/src/install/pruebas_py/bin'
[2.189s] Level 1:colcon.colcon_core.environment:create_environment_scripts_only(pruebas_py)
[2.191s] INFO:colcon.colcon_core.shell:Creating package script '/home/santiago/RoboticaMovil/ros_ws_2302/src/install/pruebas_py/share/pruebas_py/package.ps1'
[2.192s] INFO:colcon.colcon_core.shell:Creating package descriptor '/home/santiago/RoboticaMovil/ros_ws_2302/src/install/pruebas_py/share/pruebas_py/package.dsv'
[2.193s] INFO:colcon.colcon_core.shell:Creating package script '/home/santiago/RoboticaMovil/ros_ws_2302/src/install/pruebas_py/share/pruebas_py/package.sh'
[2.193s] INFO:colcon.colcon_core.shell:Creating package script '/home/santiago/RoboticaMovil/ros_ws_2302/src/install/pruebas_py/share/pruebas_py/package.bash'
[2.194s] INFO:colcon.colcon_core.shell:Creating package script '/home/santiago/RoboticaMovil/ros_ws_2302/src/install/pruebas_py/share/pruebas_py/package.zsh'
[2.194s] Level 1:colcon.colcon_core.environment:create_file_with_runtime_dependencies(/home/santiago/RoboticaMovil/ros_ws_2302/src/install/pruebas_py/share/colcon-core/packages/pruebas_py)
[2.195s] DEBUG:colcon.colcon_parallel_executor.executor.parallel:closing loop
[2.195s] DEBUG:colcon.colcon_parallel_executor.executor.parallel:loop closed
[2.195s] DEBUG:colcon.colcon_parallel_executor.executor.parallel:run_until_complete finished with '0'
[2.195s] DEBUG:colcon.colcon_core.event_reactor:joining thread
[2.202s] INFO:colcon.colcon_core.plugin_system:Skipping extension 'colcon_notification.desktop_notification.terminal_notifier': Not used on non-Darwin systems
[2.202s] INFO:colcon.colcon_core.plugin_system:Skipping extension 'colcon_notification.desktop_notification.win32': Not used on non-Windows systems
[2.202s] INFO:colcon.colcon_notification.desktop_notification:Sending desktop notification using 'notify2'
[2.215s] DEBUG:colcon.colcon_core.event_reactor:joined thread
[2.217s] INFO:colcon.colcon_core.shell:Creating prefix script '/home/santiago/RoboticaMovil/ros_ws_2302/src/install/local_setup.ps1'
[2.218s] INFO:colcon.colcon_core.shell:Creating prefix util module '/home/santiago/RoboticaMovil/ros_ws_2302/src/install/_local_setup_util_ps1.py'
[2.220s] INFO:colcon.colcon_core.shell:Creating prefix chain script '/home/santiago/RoboticaMovil/ros_ws_2302/src/install/setup.ps1'
[2.222s] INFO:colcon.colcon_core.shell:Creating prefix script '/home/santiago/RoboticaMovil/ros_ws_2302/src/install/local_setup.sh'
[2.223s] INFO:colcon.colcon_core.shell:Creating prefix util module '/home/santiago/RoboticaMovil/ros_ws_2302/src/install/_local_setup_util_sh.py'
[2.223s] INFO:colcon.colcon_core.shell:Creating prefix chain script '/home/santiago/RoboticaMovil/ros_ws_2302/src/install/setup.sh'
[2.226s] INFO:colcon.colcon_core.shell:Creating prefix script '/home/santiago/RoboticaMovil/ros_ws_2302/src/install/local_setup.bash'
[2.227s] INFO:colcon.colcon_core.shell:Creating prefix chain script '/home/santiago/RoboticaMovil/ros_ws_2302/src/install/setup.bash'
[2.230s] INFO:colcon.colcon_core.shell:Creating prefix script '/home/santiago/RoboticaMovil/ros_ws_2302/src/install/local_setup.zsh'
[2.230s] INFO:colcon.colcon_core.shell:Creating prefix chain script '/home/santiago/RoboticaMovil/ros_ws_2302/src/install/setup.zsh'
